This is pdfTeX, Version 3.1415926-2.3-1.40.12 (MiKTeX 2.9) (preloaded format=pdflatex 2011.11.25)  8 FEB 2012 11:53
entering extended mode
**D:/Daten/Dokumente/Studium/StochastischeProzesse/StoProSkript/StoProSkript.tex
(D:/Daten/Dokumente/Studium/StochastischeProzesse/StoProSkript/StoProSkript.tex
LaTeX2e <2011/06/27>
Babel <v3.8m> and hyphenation patterns for english, afrikaans, ancientgreek, arabic, armenian, assamese, basque, bengali
, bokmal, bulgarian, catalan, coptic, croatian, czech, danish, dutch, esperanto, estonian, farsi, finnish, french, galic
ian, german, german-x-2009-06-19, greek, gujarati, hindi, hungarian, icelandic, indonesian, interlingua, irish, italian,
 kannada, kurmanji, lao, latin, latvian, lithuanian, malayalam, marathi, mongolian, mongolianlmc, monogreek, ngerman, ng
erman-x-2009-06-19, nynorsk, oriya, panjabi, pinyin, polish, portuguese, romanian, russian, sanskrit, serbian, slovak, s
lovenian, spanish, swedish, swissgerman, tamil, telugu, turkish, turkmen, ukenglish, ukrainian, uppersorbian, usenglishm
ax, welsh, loaded.
(D:\Daten\Dokumente\Studium\StochastischeProzesse\StoProSkript\inc/settings/settings.tex)
(C:\Users\Airblader\AppData\Roaming\MiKTeX\2.9\tex\latex\koma-script\scrbook.cls
Document Class: scrbook 2011/06/16 v3.09a KOMA-Script document class (book)
(C:\Users\Airblader\AppData\Roaming\MiKTeX\2.9\tex\latex\koma-script\scrkbase.sty
Package: scrkbase 2011/06/16 v3.09a KOMA-Script package (KOMA-Script-dependent basics and keyval usage)

(C:\Users\Airblader\AppData\Roaming\MiKTeX\2.9\tex\latex\koma-script\scrbase.sty
Package: scrbase 2011/06/16 v3.09a KOMA-Script package (KOMA-Script-independent basics and keyval usage)

("D:\Programme\MiKTeX 2.9\tex\latex\graphics\keyval.sty"
Package: keyval 1999/03/16 v1.13 key=value parser (DPC)
\KV@toks@=\toks14
)
(C:\Users\Airblader\AppData\Roaming\MiKTeX\2.9\tex\latex\koma-script\scrlfile.sty
Package: scrlfile 2011/03/09 v3.09 KOMA-Script package (loading files)

Package scrlfile, 2011/03/09 v3.09 KOMA-Script package (loading files)
                  Copyright (C) Markus Kohm

))) (C:\Users\Airblader\AppData\Roaming\MiKTeX\2.9\tex\latex\koma-script\tocbasic.sty
Package: tocbasic 2011/05/30 v3.09a KOMA-Script package (handling toc-files)
)
Package tocbasic Info: omitting babel extension for `toc'
(tocbasic)             because of feature `nobabel' available
(tocbasic)             for `toc' on input line 117.
Package tocbasic Info: omitting babel extension for `lof'
(tocbasic)             because of feature `nobabel' available
(tocbasic)             for `lof' on input line 118.
Package tocbasic Info: omitting babel extension for `lot'
(tocbasic)             because of feature `nobabel' available
(tocbasic)             for `lot' on input line 119.
Package scrbook Info: You've used obsolete option `12pt'.
(scrbook)             \KOMAExecuteOptions{fontsize=12pt} will be
(scrbook)             used instead.
(scrbook)             You may simply replace `12pt'
(scrbook)             by `fontsize=12pt'.
Class scrbook Info: File `scrsize12pt.clo' used to setup font sizes on input line 1348.

(C:\Users\Airblader\AppData\Roaming\MiKTeX\2.9\tex\latex\koma-script\scrsize12pt.clo
File: scrsize12pt.clo 2011/06/16 v3.09a KOMA-Script font size class option (12pt)
)
(C:\Users\Airblader\AppData\Roaming\MiKTeX\2.9\tex\latex\koma-script\typearea.sty
Package: typearea 2011/06/16 v3.09a KOMA-Script package (type area)

Package typearea, 2011/06/16 v3.09a KOMA-Script package (type area)
                  Copyright (C) Frank Neukam, 1992-1994
                  Copyright (C) Markus Kohm, 1994-

\ta@bcor=\skip41
\ta@div=\count79
Package typearea Info: You've used standard option `a4paper'.
(typearea)             This is correct!
(typearea)             Internally I'm using `paper=a4'.
(typearea)             If you'd like to set the option with \KOMAoptions,
(typearea)             you'd have to use `paper=a4' there
(typearea)             instead of `a4paper', too.
\ta@hblk=\skip42
\ta@vblk=\skip43
\ta@temp=\skip44
Package typearea Info: These are the values describing the layout:
(typearea)             DIV  = 15
(typearea)             BCOR = 0.0pt
(typearea)             \paperwidth      = 597.50793pt
(typearea)              \textwidth      = 478.00635pt
(typearea)              DIV departure   = -13%
(typearea)              \evensidemargin = 7.39774pt
(typearea)              \oddsidemargin  = -32.43613pt
(typearea)             \paperheight     = 845.04694pt
(typearea)              \textheight     = 650.0pt
(typearea)              \topmargin      = -15.93353pt
(typearea)              \headheight     = 18.125pt
(typearea)              \headsep        = 21.75pt
(typearea)              \topskip        = 12.0pt
(typearea)              \footskip       = 50.75pt
(typearea)              \baselineskip   = 14.5pt
(typearea)              on input line 1139.
)
\c@part=\count80
\c@chapter=\count81
\c@section=\count82
\c@subsection=\count83
\c@subsubsection=\count84
\c@paragraph=\count85
\c@subparagraph=\count86
\abovecaptionskip=\skip45
\belowcaptionskip=\skip46
\c@pti@nb@sid@b@x=\box26
\c@figure=\count87
\c@table=\count88
\bibindent=\dimen102
) (D:\Daten\Dokumente\Studium\StochastischeProzesse\StoProSkript\inc/settings/preamble.tex
("D:\Programme\MiKTeX 2.9\tex\generic\babel\babel.sty"
Package: babel 2008/07/08 v3.8m The Babel package

*************************************
* Local config file bblopts.cfg used
*
("D:\Programme\MiKTeX 2.9\tex\latex\00miktex\bblopts.cfg"
File: bblopts.cfg 2006/07/31 v1.0 MiKTeX 'babel' configuration
) ("D:\Programme\MiKTeX 2.9\tex\generic\babel\ngermanb.ldf"
Language: ngermanb 2008/07/06 v2.6n new German support from the babel system

("D:\Programme\MiKTeX 2.9\tex\generic\babel\babel.def"
File: babel.def 2008/07/08 v3.8m Babel common definitions
\babel@savecnt=\count89
\U@D=\dimen103
)
\l@naustrian = a dialect from \language\l@ngerman 
Package babel Info: Making " an active character on input line 92.
)) ("D:\Programme\MiKTeX 2.9\tex\latex\base\inputenc.sty"
Package: inputenc 2008/03/30 v1.1d Input encoding file
\inpenc@prehook=\toks15
\inpenc@posthook=\toks16

("D:\Programme\MiKTeX 2.9\tex\latex\base\latin1.def"
File: latin1.def 2008/03/30 v1.1d Input encoding file
)) ("D:\Programme\MiKTeX 2.9\tex\latex\base\fontenc.sty"
Package: fontenc 2005/09/27 v1.99g Standard LaTeX package

("D:\Programme\MiKTeX 2.9\tex\latex\base\t1enc.def"
File: t1enc.def 2005/09/27 v1.99g Standard LaTeX file
LaTeX Font Info:    Redeclaring font encoding T1 on input line 43.
)) ("D:\Programme\MiKTeX 2.9\tex\latex\amsfonts\amsfonts.sty"
Package: amsfonts 2009/06/22 v3.00 Basic AMSFonts support
\@emptytoks=\toks17
\symAMSa=\mathgroup4
\symAMSb=\mathgroup5
LaTeX Font Info:    Overwriting math alphabet `\mathfrak' in version `bold'
(Font)                  U/euf/m/n --> U/euf/b/n on input line 96.
)
("D:\Programme\MiKTeX 2.9\tex\latex\psnfss\newcent.sty"
Package: newcent 2005/04/12 PSNFSS-v9.2a (SPQR) 
)
(C:\Users\Airblader\AppData\Roaming\MiKTeX\2.9\tex\latex\fouriernc\fouriernc.sty
Package: fouriernc 2005/12/20 1.0 fouriernc package

(C:\Users\Airblader\AppData\Roaming\MiKTeX\2.9\tex\latex\fourier\fourier.sty
Package: fourier 2005/01/01 1.4 fourier-GUTenberg package

("D:\Programme\MiKTeX 2.9\tex\latex\base\fontenc.sty"
Package: fontenc 2005/09/27 v1.99g Standard LaTeX package
 ("D:\Programme\MiKTeX 2.9\tex\latex\base\t1enc.def"
File: t1enc.def 2005/09/27 v1.99g Standard LaTeX file
LaTeX Font Info:    Redeclaring font encoding T1 on input line 43.
))
("D:\Programme\MiKTeX 2.9\tex\latex\base\textcomp.sty"
Package: textcomp 2005/09/27 v1.99g Standard LaTeX package
Package textcomp Info: Sub-encoding information:
(textcomp)               5 = only ISO-Adobe without \textcurrency
(textcomp)               4 = 5 + \texteuro
(textcomp)               3 = 4 + \textohm
(textcomp)               2 = 3 + \textestimated + \textcurrency
(textcomp)               1 = TS1 - \textcircled - \t
(textcomp)               0 = TS1 (full)
(textcomp)             Font families with sub-encoding setting implement
(textcomp)             only a restricted character set as indicated.
(textcomp)             Family '?' is the default used for unknown fonts.
(textcomp)             See the documentation for details.
Package textcomp Info: Setting ? sub-encoding to TS1/1 on input line 71.
 ("D:\Programme\MiKTeX 2.9\tex\latex\base\ts1enc.def"
File: ts1enc.def 2001/06/05 v3.0e (jk/car/fm) Standard LaTeX file
)
LaTeX Info: Redefining \oldstylenums on input line 266.
Package textcomp Info: Setting cmr sub-encoding to TS1/0 on input line 281.
Package textcomp Info: Setting cmss sub-encoding to TS1/0 on input line 282.
Package textcomp Info: Setting cmtt sub-encoding to TS1/0 on input line 283.
Package textcomp Info: Setting cmvtt sub-encoding to TS1/0 on input line 284.
Package textcomp Info: Setting cmbr sub-encoding to TS1/0 on input line 285.
Package textcomp Info: Setting cmtl sub-encoding to TS1/0 on input line 286.
Package textcomp Info: Setting ccr sub-encoding to TS1/0 on input line 287.
Package textcomp Info: Setting ptm sub-encoding to TS1/4 on input line 288.
Package textcomp Info: Setting pcr sub-encoding to TS1/4 on input line 289.
Package textcomp Info: Setting phv sub-encoding to TS1/4 on input line 290.
Package textcomp Info: Setting ppl sub-encoding to TS1/3 on input line 291.
Package textcomp Info: Setting pag sub-encoding to TS1/4 on input line 292.
Package textcomp Info: Setting pbk sub-encoding to TS1/4 on input line 293.
Package textcomp Info: Setting pnc sub-encoding to TS1/4 on input line 294.
Package textcomp Info: Setting pzc sub-encoding to TS1/4 on input line 295.
Package textcomp Info: Setting bch sub-encoding to TS1/4 on input line 296.
Package textcomp Info: Setting put sub-encoding to TS1/5 on input line 297.
Package textcomp Info: Setting uag sub-encoding to TS1/5 on input line 298.
Package textcomp Info: Setting ugq sub-encoding to TS1/5 on input line 299.
Package textcomp Info: Setting ul8 sub-encoding to TS1/4 on input line 300.
Package textcomp Info: Setting ul9 sub-encoding to TS1/4 on input line 301.
Package textcomp Info: Setting augie sub-encoding to TS1/5 on input line 302.
Package textcomp Info: Setting dayrom sub-encoding to TS1/3 on input line 303.
Package textcomp Info: Setting dayroms sub-encoding to TS1/3 on input line 304.
Package textcomp Info: Setting pxr sub-encoding to TS1/0 on input line 305.
Package textcomp Info: Setting pxss sub-encoding to TS1/0 on input line 306.
Package textcomp Info: Setting pxtt sub-encoding to TS1/0 on input line 307.
Package textcomp Info: Setting txr sub-encoding to TS1/0 on input line 308.
Package textcomp Info: Setting txss sub-encoding to TS1/0 on input line 309.
Package textcomp Info: Setting txtt sub-encoding to TS1/0 on input line 310.
Package textcomp Info: Setting lmr sub-encoding to TS1/0 on input line 311.
Package textcomp Info: Setting lmdh sub-encoding to TS1/0 on input line 312.
Package textcomp Info: Setting lmss sub-encoding to TS1/0 on input line 313.
Package textcomp Info: Setting lmssq sub-encoding to TS1/0 on input line 314.
Package textcomp Info: Setting lmvtt sub-encoding to TS1/0 on input line 315.
Package textcomp Info: Setting qhv sub-encoding to TS1/0 on input line 316.
Package textcomp Info: Setting qag sub-encoding to TS1/0 on input line 317.
Package textcomp Info: Setting qbk sub-encoding to TS1/0 on input line 318.
Package textcomp Info: Setting qcr sub-encoding to TS1/0 on input line 319.
Package textcomp Info: Setting qcs sub-encoding to TS1/0 on input line 320.
Package textcomp Info: Setting qpl sub-encoding to TS1/0 on input line 321.
Package textcomp Info: Setting qtm sub-encoding to TS1/0 on input line 322.
Package textcomp Info: Setting qzc sub-encoding to TS1/0 on input line 323.
Package textcomp Info: Setting qhvc sub-encoding to TS1/0 on input line 324.
Package textcomp Info: Setting futs sub-encoding to TS1/4 on input line 325.
Package textcomp Info: Setting futx sub-encoding to TS1/4 on input line 326.
Package textcomp Info: Setting futj sub-encoding to TS1/4 on input line 327.
Package textcomp Info: Setting hlh sub-encoding to TS1/3 on input line 328.
Package textcomp Info: Setting hls sub-encoding to TS1/3 on input line 329.
Package textcomp Info: Setting hlst sub-encoding to TS1/3 on input line 330.
Package textcomp Info: Setting hlct sub-encoding to TS1/5 on input line 331.
Package textcomp Info: Setting hlx sub-encoding to TS1/5 on input line 332.
Package textcomp Info: Setting hlce sub-encoding to TS1/5 on input line 333.
Package textcomp Info: Setting hlcn sub-encoding to TS1/5 on input line 334.
Package textcomp Info: Setting hlcw sub-encoding to TS1/5 on input line 335.
Package textcomp Info: Setting hlcf sub-encoding to TS1/5 on input line 336.
Package textcomp Info: Setting pplx sub-encoding to TS1/3 on input line 337.
Package textcomp Info: Setting pplj sub-encoding to TS1/3 on input line 338.
Package textcomp Info: Setting ptmx sub-encoding to TS1/4 on input line 339.
Package textcomp Info: Setting ptmj sub-encoding to TS1/4 on input line 340.
)
(C:\Users\Airblader\AppData\Roaming\MiKTeX\2.9\tex\latex\fourier\fourier-orns.sty
Package: fourier-orns 2004/01/30 1.1 fourier-ornaments package
)
LaTeX Font Info:    Redeclaring symbol font `operators' on input line 50.
LaTeX Font Info:    Encoding `OT1' has changed to `T1' for symbol font
(Font)              `operators' in the math version `normal' on input line 50.
LaTeX Font Info:    Overwriting symbol font `operators' in version `normal'
(Font)                  OT1/cmr/m/n --> T1/futs/m/n on input line 50.
LaTeX Font Info:    Encoding `OT1' has changed to `T1' for symbol font
(Font)              `operators' in the math version `bold' on input line 50.
LaTeX Font Info:    Overwriting symbol font `operators' in version `bold'
(Font)                  OT1/cmr/bx/n --> T1/futs/m/n on input line 50.
LaTeX Font Info:    Overwriting symbol font `operators' in version `bold'
(Font)                  T1/futs/m/n --> T1/futs/b/n on input line 51.
LaTeX Font Info:    Redeclaring symbol font `letters' on input line 59.
LaTeX Font Info:    Encoding `OML' has changed to `FML' for symbol font
(Font)              `letters' in the math version `normal' on input line 59.
LaTeX Font Info:    Overwriting symbol font `letters' in version `normal'
(Font)                  OML/cmm/m/it --> FML/futmi/m/it on input line 59.
LaTeX Font Info:    Encoding `OML' has changed to `FML' for symbol font
(Font)              `letters' in the math version `bold' on input line 59.
LaTeX Font Info:    Overwriting symbol font `letters' in version `bold'
(Font)                  OML/cmm/b/it --> FML/futmi/m/it on input line 59.
\symotherletters=\mathgroup6
LaTeX Font Info:    Overwriting symbol font `letters' in version `bold'
(Font)                  FML/futmi/m/it --> FML/futmi/b/it on input line 61.
LaTeX Font Info:    Overwriting symbol font `otherletters' in version `bold'
(Font)                  FML/futm/m/it --> FML/futm/b/it on input line 62.
LaTeX Font Info:    Redeclaring math symbol \Gamma on input line 63.
LaTeX Font Info:    Redeclaring math symbol \Delta on input line 64.
LaTeX Font Info:    Redeclaring math symbol \Theta on input line 65.
LaTeX Font Info:    Redeclaring math symbol \Lambda on input line 66.
LaTeX Font Info:    Redeclaring math symbol \Xi on input line 67.
LaTeX Font Info:    Redeclaring math symbol \Pi on input line 68.
LaTeX Font Info:    Redeclaring math symbol \Sigma on input line 69.
LaTeX Font Info:    Redeclaring math symbol \Upsilon on input line 70.
LaTeX Font Info:    Redeclaring math symbol \Phi on input line 71.
LaTeX Font Info:    Redeclaring math symbol \Psi on input line 72.
LaTeX Font Info:    Redeclaring math symbol \Omega on input line 73.
LaTeX Font Info:    Redeclaring symbol font `symbols' on input line 113.
LaTeX Font Info:    Encoding `OMS' has changed to `FMS' for symbol font
(Font)              `symbols' in the math version `normal' on input line 113.
LaTeX Font Info:    Overwriting symbol font `symbols' in version `normal'
(Font)                  OMS/cmsy/m/n --> FMS/futm/m/n on input line 113.
LaTeX Font Info:    Encoding `OMS' has changed to `FMS' for symbol font
(Font)              `symbols' in the math version `bold' on input line 113.
LaTeX Font Info:    Overwriting symbol font `symbols' in version `bold'
(Font)                  OMS/cmsy/b/n --> FMS/futm/m/n on input line 113.
LaTeX Font Info:    Redeclaring symbol font `largesymbols' on input line 114.
LaTeX Font Info:    Encoding `OMX' has changed to `FMX' for symbol font
(Font)              `largesymbols' in the math version `normal' on input line 114.
LaTeX Font Info:    Overwriting symbol font `largesymbols' in version `normal'
(Font)                  OMX/cmex/m/n --> FMX/futm/m/n on input line 114.
LaTeX Font Info:    Encoding `OMX' has changed to `FMX' for symbol font
(Font)              `largesymbols' in the math version `bold' on input line 114.
LaTeX Font Info:    Overwriting symbol font `largesymbols' in version `bold'
(Font)                  OMX/cmex/m/n --> FMX/futm/m/n on input line 114.
LaTeX Font Info:    Redeclaring math alphabet \mathbf on input line 115.
LaTeX Font Info:    Overwriting math alphabet `\mathbf' in version `normal'
(Font)                  OT1/cmr/bx/n --> T1/futs/bx/n on input line 115.
LaTeX Font Info:    Overwriting math alphabet `\mathbf' in version `bold'
(Font)                  OT1/cmr/bx/n --> T1/futs/bx/n on input line 115.
LaTeX Font Info:    Redeclaring math alphabet \mathrm on input line 116.
LaTeX Font Info:    Redeclaring math alphabet \mathit on input line 117.
LaTeX Font Info:    Overwriting math alphabet `\mathit' in version `normal'
(Font)                  OT1/cmr/m/it --> T1/futs/m/it on input line 117.
LaTeX Font Info:    Overwriting math alphabet `\mathit' in version `bold'
(Font)                  OT1/cmr/bx/it --> T1/futs/m/it on input line 117.
LaTeX Font Info:    Redeclaring math alphabet \mathcal on input line 118.
LaTeX Font Info:    Redeclaring math symbol \parallel on input line 134.
LaTeX Font Info:    Redeclaring math symbol \hbar on input line 148.
LaTeX Font Info:    Redeclaring math symbol \square on input line 153.
LaTeX Font Info:    Redeclaring math symbol \varkappa on input line 186.
LaTeX Font Info:    Redeclaring math symbol \varvarrho on input line 187.
LaTeX Font Info:    Redeclaring math delimiter \Vert on input line 210.
LaTeX Font Info:    Redeclaring math delimiter \vert on input line 215.
LaTeX Font Info:    Redeclaring math delimiter \Downarrow on input line 225.
LaTeX Font Info:    Redeclaring math delimiter \backslash on input line 227.
LaTeX Font Info:    Redeclaring math delimiter \rangle on input line 229.
LaTeX Font Info:    Redeclaring math delimiter \langle on input line 231.
LaTeX Font Info:    Redeclaring math delimiter \rbrace on input line 233.
LaTeX Font Info:    Redeclaring math delimiter \lbrace on input line 235.
LaTeX Font Info:    Redeclaring math delimiter \rceil on input line 237.
LaTeX Font Info:    Redeclaring math delimiter \lceil on input line 239.
LaTeX Font Info:    Redeclaring math delimiter \rfloor on input line 241.
LaTeX Font Info:    Redeclaring math delimiter \lfloor on input line 243.
LaTeX Font Info:    Redeclaring math accent \acute on input line 247.
LaTeX Font Info:    Redeclaring math accent \grave on input line 248.
LaTeX Font Info:    Redeclaring math accent \ddot on input line 249.
LaTeX Font Info:    Redeclaring math accent \tilde on input line 250.
LaTeX Font Info:    Redeclaring math accent \bar on input line 251.
LaTeX Font Info:    Redeclaring math accent \breve on input line 252.
LaTeX Font Info:    Redeclaring math accent \check on input line 253.
LaTeX Font Info:    Redeclaring math accent \hat on input line 254.
LaTeX Font Info:    Redeclaring math accent \dot on input line 255.
LaTeX Font Info:    Redeclaring math accent \mathring on input line 256.
\symUfutm=\mathgroup7
)
LaTeX Font Info:    Redeclaring symbol font `letters' on input line 16.
LaTeX Font Info:    Overwriting symbol font `letters' in version `normal'
(Font)                  FML/futmi/m/it --> FML/fncmi/m/it on input line 16.
LaTeX Font Info:    Overwriting symbol font `letters' in version `bold'
(Font)                  FML/futmi/b/it --> FML/fncmi/m/it on input line 16.
LaTeX Font Info:    Redeclaring symbol font `otherletters' on input line 17.
LaTeX Font Info:    Overwriting symbol font `otherletters' in version `normal'
(Font)                  FML/futm/m/it --> FML/fncm/m/it on input line 17.
LaTeX Font Info:    Overwriting symbol font `otherletters' in version `bold'
(Font)                  FML/futm/b/it --> FML/fncm/m/it on input line 17.
LaTeX Font Info:    Overwriting symbol font `letters' in version `bold'
(Font)                  FML/fncmi/m/it --> FML/fncmi/b/it on input line 18.
LaTeX Font Info:    Overwriting symbol font `otherletters' in version `bold'
(Font)                  FML/fncm/m/it --> FML/fncm/b/it on input line 19.
LaTeX Font Info:    Redeclaring symbol font `operators' on input line 32.
LaTeX Font Info:    Overwriting symbol font `operators' in version `normal'
(Font)                  T1/futs/m/n --> T1/fnc/m/n on input line 32.
LaTeX Font Info:    Overwriting symbol font `operators' in version `bold'
(Font)                  T1/futs/b/n --> T1/fnc/m/n on input line 32.
LaTeX Font Info:    Overwriting symbol font `operators' in version `bold'
(Font)                  T1/fnc/m/n --> T1/fnc/b/n on input line 33.
LaTeX Font Info:    Redeclaring symbol font `symbols' on input line 34.
LaTeX Font Info:    Overwriting symbol font `symbols' in version `normal'
(Font)                  FMS/futm/m/n --> FMS/fncm/m/n on input line 34.
LaTeX Font Info:    Overwriting symbol font `symbols' in version `bold'
(Font)                  FMS/futm/m/n --> FMS/fncm/m/n on input line 34.
LaTeX Font Info:    Redeclaring math alphabet \mathbf on input line 35.
LaTeX Font Info:    Overwriting math alphabet `\mathbf' in version `normal'
(Font)                  T1/futs/bx/n --> T1/fnc/b/n on input line 35.
LaTeX Font Info:    Overwriting math alphabet `\mathbf' in version `bold'
(Font)                  T1/futs/bx/n --> T1/fnc/b/n on input line 35.
LaTeX Font Info:    Redeclaring math alphabet \mathrm on input line 36.
LaTeX Font Info:    Overwriting math alphabet `\mathrm' in version `normal'
(Font)                  T1/futs/m/n --> T1/fnc/m/n on input line 36.
LaTeX Font Info:    Overwriting math alphabet `\mathrm' in version `bold'
(Font)                  T1/futs/m/n --> T1/fnc/m/n on input line 36.
LaTeX Font Info:    Redeclaring math alphabet \mathit on input line 37.
LaTeX Font Info:    Overwriting math alphabet `\mathit' in version `normal'
(Font)                  T1/futs/m/it --> T1/fnc/m/it on input line 37.
LaTeX Font Info:    Overwriting math alphabet `\mathit' in version `bold'
(Font)                  T1/futs/m/it --> T1/fnc/m/it on input line 37.
LaTeX Font Info:    Redeclaring math alphabet \mathcal on input line 38.
LaTeX Font Info:    Overwriting math alphabet `\mathcal' in version `normal'
(Font)                  FMS/futm/m/n --> FMS/fncm/m/n on input line 38.
LaTeX Font Info:    Overwriting math alphabet `\mathcal' in version `bold'
(Font)                  FMS/futm/m/n --> FMS/fncm/m/n on input line 38.
)
(C:\Users\Airblader\AppData\Roaming\MiKTeX\2.9\tex\latex\dstroke\dsfont.sty
Package: dsfont 1995/08/01 v0.1 Double stroke roman fonts
)
("D:\Programme\MiKTeX 2.9\tex\latex\psnfss\helvet.sty"
Package: helvet 2005/04/12 PSNFSS-v9.2a (WaS) 
)
(C:\Users\Airblader\AppData\Roaming\MiKTeX\2.9\tex\latex\inconsolata\inconsolata.sty
Package: inconsolata 2009/11/28 Inconsolata
)
("D:\Programme\MiKTeX 2.9\tex\latex\base\makeidx.sty"
Package: makeidx 2000/03/29 v1.0m Standard LaTeX package
)
\@indexfile=\write3

Writing index file StoProSkript.idx
("D:\Programme\MiKTeX 2.9\tex\latex\base\ifthen.sty"
Package: ifthen 2001/05/26 v1.1c Standard LaTeX ifthen package (DPC)
) ("D:\Programme\MiKTeX 2.9\tex\latex\oberdiek\letltxmacro.sty"
Package: letltxmacro 2010/09/02 v1.4 Let assignment for LaTeX macros (HO)
)
(C:\Users\Airblader\AppData\Roaming\MiKTeX\2.9\tex\latex\booktabs\booktabs.sty
Package: booktabs 2005/04/14 v1.61803 publication quality tables
\heavyrulewidth=\dimen104
\lightrulewidth=\dimen105
\cmidrulewidth=\dimen106
\belowrulesep=\dimen107
\belowbottomsep=\dimen108
\aboverulesep=\dimen109
\abovetopsep=\dimen110
\cmidrulesep=\dimen111
\cmidrulekern=\dimen112
\defaultaddspace=\dimen113
\@cmidla=\count90
\@cmidlb=\count91
\@aboverulesep=\dimen114
\@belowrulesep=\dimen115
\@thisruleclass=\count92
\@lastruleclass=\count93
\@thisrulewidth=\dimen116
)
(C:\Users\Airblader\AppData\Roaming\MiKTeX\2.9\tex\latex\wrapfig\wrapfig.sty
\wrapoverhang=\dimen117
\WF@size=\dimen118
\c@WF@wrappedlines=\count94
\WF@box=\box27
\WF@everypar=\toks18
Package: wrapfig 2003/01/31  v 3.6
)
("D:\Programme\MiKTeX 2.9\tex\latex\ltxmisc\parskip.sty"
Package: parskip 2001/04/09 non-zero parskip adjustments
)
(C:\Users\Airblader\AppData\Roaming\MiKTeX\2.9\tex\latex\microtype\microtype.sty
Package: microtype 2010/01/10 v2.4 Micro-typography with pdfTeX (RS)
\MT@toks=\toks19
\MT@count=\count95
LaTeX Info: Redefining \lsstyle on input line 1597.
LaTeX Info: Redefining \lslig on input line 1597.
\MT@outer@space=\skip47
LaTeX Info: Redefining \textls on input line 1605.
\MT@outer@kern=\dimen119
LaTeX Info: Redefining \textmicrotypecontext on input line 2156.
Package microtype Info: Loading configuration file microtype.cfg.

(C:\Users\Airblader\AppData\Roaming\MiKTeX\2.9\tex\latex\microtype\microtype.cfg
File: microtype.cfg 2010/01/10 v2.4 microtype main configuration file (RS)
))
(C:\Users\Airblader\AppData\Roaming\MiKTeX\2.9\tex\latex\needspace\needspace.sty
Package: needspace 2010/09/12 v1.3c reserve vertical space
)
(C:\Users\Airblader\AppData\Roaming\MiKTeX\2.9\tex\latex\framed\framed.sty
Package: framed 2007/10/04 v 0.95: framed or shaded text with page breaks
\fb@frw=\dimen120
\fb@frh=\dimen121
\FrameRule=\dimen122
\FrameSep=\dimen123
)
(C:\Users\Airblader\AppData\Roaming\MiKTeX\2.9\tex\latex\xcolor\xcolor.sty
Package: xcolor 2007/01/21 v2.11 LaTeX color extensions (UK)

("D:\Programme\MiKTeX 2.9\tex\latex\00miktex\color.cfg"
File: color.cfg 2007/01/18 v1.5 color configuration of teTeX/TeXLive
)
Package xcolor Info: Driver file: pdftex.def on input line 225.
 ("D:\Programme\MiKTeX 2.9\tex\latex\pdftex-def\pdftex.def"
File: pdftex.def 2011/05/27 v0.06d Graphics/color for pdfTeX

("D:\Programme\MiKTeX 2.9\tex\generic\oberdiek\infwarerr.sty"
Package: infwarerr 2010/04/08 v1.3 Providing info/warning/message (HO)
) ("D:\Programme\MiKTeX 2.9\tex\generic\oberdiek\ltxcmds.sty"
Package: ltxcmds 2011/04/18 v1.20 LaTeX kernel commands for general use (HO)
)
\Gread@gobject=\count96
)
Package xcolor Info: Model `cmy' substituted by `cmy0' on input line 1337.
Package xcolor Info: Model `hsb' substituted by `rgb' on input line 1341.
Package xcolor Info: Model `RGB' extended on input line 1353.
Package xcolor Info: Model `HTML' substituted by `rgb' on input line 1355.
Package xcolor Info: Model `Hsb' substituted by `hsb' on input line 1356.
Package xcolor Info: Model `tHsb' substituted by `hsb' on input line 1357.
Package xcolor Info: Model `HSB' substituted by `hsb' on input line 1358.
Package xcolor Info: Model `Gray' substituted by `gray' on input line 1359.
Package xcolor Info: Model `wave' substituted by `hsb' on input line 1360.
) ("D:\Programme\MiKTeX 2.9\tex\latex\graphics\graphicx.sty"
Package: graphicx 1999/02/16 v1.0f Enhanced LaTeX Graphics (DPC,SPQR)

("D:\Programme\MiKTeX 2.9\tex\latex\graphics\graphics.sty"
Package: graphics 2009/02/05 v1.0o Standard LaTeX Graphics (DPC,SPQR)
 ("D:\Programme\MiKTeX 2.9\tex\latex\graphics\trig.sty"
Package: trig 1999/03/16 v1.09 sin cos tan (DPC)
)
("D:\Programme\MiKTeX 2.9\tex\latex\00miktex\graphics.cfg"
File: graphics.cfg 2007/01/18 v1.5 graphics configuration of teTeX/TeXLive
)
Package graphics Info: Driver file: pdftex.def on input line 91.
)
\Gin@req@height=\dimen124
\Gin@req@width=\dimen125
)
(C:\Users\Airblader\AppData\Roaming\MiKTeX\2.9\tex\latex\pgf\frontendlayer\tikz.sty
(C:\Users\Airblader\AppData\Roaming\MiKTeX\2.9\tex\latex\pgf\basiclayer\pgf.sty
(C:\Users\Airblader\AppData\Roaming\MiKTeX\2.9\tex\latex\pgf\utilities\pgfrcs.sty
(C:\Users\Airblader\AppData\Roaming\MiKTeX\2.9\tex\generic\pgf\utilities\pgfutil-common.tex
\pgfutil@everybye=\toks20
)
(C:\Users\Airblader\AppData\Roaming\MiKTeX\2.9\tex\generic\pgf\utilities\pgfutil-latex.def
\pgfutil@abb=\box28

(C:\Users\Airblader\AppData\Roaming\MiKTeX\2.9\tex\latex\ms\everyshi.sty
Package: everyshi 2001/05/15 v3.00 EveryShipout Package (MS)
))
(C:\Users\Airblader\AppData\Roaming\MiKTeX\2.9\tex\generic\pgf\utilities\pgfrcs.code.tex
Package: pgfrcs 2010/10/25 v2.10 (rcs-revision 1.24)
))
Package: pgf 2008/01/15 v2.10 (rcs-revision 1.12)

(C:\Users\Airblader\AppData\Roaming\MiKTeX\2.9\tex\latex\pgf\basiclayer\pgfcore.sty
(C:\Users\Airblader\AppData\Roaming\MiKTeX\2.9\tex\latex\pgf\systemlayer\pgfsys.sty
(C:\Users\Airblader\AppData\Roaming\MiKTeX\2.9\tex\generic\pgf\systemlayer\pgfsys.code.tex
Package: pgfsys 2010/06/30 v2.10 (rcs-revision 1.37)

(C:\Users\Airblader\AppData\Roaming\MiKTeX\2.9\tex\generic\pgf\utilities\pgfkeys.code.tex
\pgfkeys@pathtoks=\toks21
\pgfkeys@temptoks=\toks22

(C:\Users\Airblader\AppData\Roaming\MiKTeX\2.9\tex\generic\pgf\utilities\pgfkeysfiltered.code.tex
\pgfkeys@tmptoks=\toks23
))
\pgf@x=\dimen126
\pgf@y=\dimen127
\pgf@xa=\dimen128
\pgf@ya=\dimen129
\pgf@xb=\dimen130
\pgf@yb=\dimen131
\pgf@xc=\dimen132
\pgf@yc=\dimen133
\w@pgf@writea=\write4
\r@pgf@reada=\read1
\c@pgf@counta=\count97
\c@pgf@countb=\count98
\c@pgf@countc=\count99
\c@pgf@countd=\count100

(C:\Users\Airblader\AppData\Roaming\MiKTeX\2.9\tex\generic\pgf\systemlayer\pgf.cfg
File: pgf.cfg 2008/05/14  (rcs-revision 1.7)
)
Package pgfsys Info: Driver file for pgf: pgfsys-pdftex.def on input line 900.

(C:\Users\Airblader\AppData\Roaming\MiKTeX\2.9\tex\generic\pgf\systemlayer\pgfsys-pdftex.def
File: pgfsys-pdftex.def 2009/05/22  (rcs-revision 1.26)

(C:\Users\Airblader\AppData\Roaming\MiKTeX\2.9\tex\generic\pgf\systemlayer\pgfsys-common-pdf.def
File: pgfsys-common-pdf.def 2008/05/19  (rcs-revision 1.10)
)))
(C:\Users\Airblader\AppData\Roaming\MiKTeX\2.9\tex\generic\pgf\systemlayer\pgfsyssoftpath.code.tex
File: pgfsyssoftpath.code.tex 2008/07/18  (rcs-revision 1.7)
\pgfsyssoftpath@smallbuffer@items=\count101
\pgfsyssoftpath@bigbuffer@items=\count102
)
(C:\Users\Airblader\AppData\Roaming\MiKTeX\2.9\tex\generic\pgf\systemlayer\pgfsysprotocol.code.tex
File: pgfsysprotocol.code.tex 2006/10/16  (rcs-revision 1.4)
))
(C:\Users\Airblader\AppData\Roaming\MiKTeX\2.9\tex\generic\pgf\basiclayer\pgfcore.code.tex
Package: pgfcore 2010/04/11 v2.10 (rcs-revision 1.7)

(C:\Users\Airblader\AppData\Roaming\MiKTeX\2.9\tex\generic\pgf\math\pgfmath.code.tex
(C:\Users\Airblader\AppData\Roaming\MiKTeX\2.9\tex\generic\pgf\math\pgfmathcalc.code.tex
(C:\Users\Airblader\AppData\Roaming\MiKTeX\2.9\tex\generic\pgf\math\pgfmathutil.code.tex)
(C:\Users\Airblader\AppData\Roaming\MiKTeX\2.9\tex\generic\pgf\math\pgfmathparser.code.tex
\pgfmath@dimen=\dimen134
\pgfmath@count=\count103
\pgfmath@box=\box29
\pgfmath@toks=\toks24
\pgfmath@stack@operand=\toks25
\pgfmath@stack@operation=\toks26
)
(C:\Users\Airblader\AppData\Roaming\MiKTeX\2.9\tex\generic\pgf\math\pgfmathfunctions.code.tex
(C:\Users\Airblader\AppData\Roaming\MiKTeX\2.9\tex\generic\pgf\math\pgfmathfunctions.basic.code.tex)
(C:\Users\Airblader\AppData\Roaming\MiKTeX\2.9\tex\generic\pgf\math\pgfmathfunctions.trigonometric.code.tex)
(C:\Users\Airblader\AppData\Roaming\MiKTeX\2.9\tex\generic\pgf\math\pgfmathfunctions.random.code.tex)
(C:\Users\Airblader\AppData\Roaming\MiKTeX\2.9\tex\generic\pgf\math\pgfmathfunctions.comparison.code.tex)
(C:\Users\Airblader\AppData\Roaming\MiKTeX\2.9\tex\generic\pgf\math\pgfmathfunctions.base.code.tex)
(C:\Users\Airblader\AppData\Roaming\MiKTeX\2.9\tex\generic\pgf\math\pgfmathfunctions.round.code.tex)
(C:\Users\Airblader\AppData\Roaming\MiKTeX\2.9\tex\generic\pgf\math\pgfmathfunctions.misc.code.tex)))
(C:\Users\Airblader\AppData\Roaming\MiKTeX\2.9\tex\generic\pgf\math\pgfmathfloat.code.tex
\c@pgfmathroundto@lastzeros=\count104
))
(C:\Users\Airblader\AppData\Roaming\MiKTeX\2.9\tex\generic\pgf\basiclayer\pgfcorepoints.code.tex
File: pgfcorepoints.code.tex 2010/04/09  (rcs-revision 1.20)
\pgf@picminx=\dimen135
\pgf@picmaxx=\dimen136
\pgf@picminy=\dimen137
\pgf@picmaxy=\dimen138
\pgf@pathminx=\dimen139
\pgf@pathmaxx=\dimen140
\pgf@pathminy=\dimen141
\pgf@pathmaxy=\dimen142
\pgf@xx=\dimen143
\pgf@xy=\dimen144
\pgf@yx=\dimen145
\pgf@yy=\dimen146
\pgf@zx=\dimen147
\pgf@zy=\dimen148
)
(C:\Users\Airblader\AppData\Roaming\MiKTeX\2.9\tex\generic\pgf\basiclayer\pgfcorepathconstruct.code.tex
File: pgfcorepathconstruct.code.tex 2010/08/03  (rcs-revision 1.24)
\pgf@path@lastx=\dimen149
\pgf@path@lasty=\dimen150
)
(C:\Users\Airblader\AppData\Roaming\MiKTeX\2.9\tex\generic\pgf\basiclayer\pgfcorepathusage.code.tex
File: pgfcorepathusage.code.tex 2008/04/22  (rcs-revision 1.12)
\pgf@shorten@end@additional=\dimen151
\pgf@shorten@start@additional=\dimen152
)
(C:\Users\Airblader\AppData\Roaming\MiKTeX\2.9\tex\generic\pgf\basiclayer\pgfcorescopes.code.tex
File: pgfcorescopes.code.tex 2010/09/08  (rcs-revision 1.34)
\pgfpic=\box30
\pgf@hbox=\box31
\pgf@layerbox@main=\box32
\pgf@picture@serial@count=\count105
)
(C:\Users\Airblader\AppData\Roaming\MiKTeX\2.9\tex\generic\pgf\basiclayer\pgfcoregraphicstate.code.tex
File: pgfcoregraphicstate.code.tex 2008/04/22  (rcs-revision 1.9)
\pgflinewidth=\dimen153
)
(C:\Users\Airblader\AppData\Roaming\MiKTeX\2.9\tex\generic\pgf\basiclayer\pgfcoretransformations.code.tex
File: pgfcoretransformations.code.tex 2009/06/10  (rcs-revision 1.11)
\pgf@pt@x=\dimen154
\pgf@pt@y=\dimen155
\pgf@pt@temp=\dimen156
)
(C:\Users\Airblader\AppData\Roaming\MiKTeX\2.9\tex\generic\pgf\basiclayer\pgfcorequick.code.tex
File: pgfcorequick.code.tex 2008/10/09  (rcs-revision 1.3)
)
(C:\Users\Airblader\AppData\Roaming\MiKTeX\2.9\tex\generic\pgf\basiclayer\pgfcoreobjects.code.tex
File: pgfcoreobjects.code.tex 2006/10/11  (rcs-revision 1.2)
)
(C:\Users\Airblader\AppData\Roaming\MiKTeX\2.9\tex\generic\pgf\basiclayer\pgfcorepathprocessing.code.tex
File: pgfcorepathprocessing.code.tex 2008/10/09  (rcs-revision 1.8)
)
(C:\Users\Airblader\AppData\Roaming\MiKTeX\2.9\tex\generic\pgf\basiclayer\pgfcorearrows.code.tex
File: pgfcorearrows.code.tex 2008/04/23  (rcs-revision 1.11)
)
(C:\Users\Airblader\AppData\Roaming\MiKTeX\2.9\tex\generic\pgf\basiclayer\pgfcoreshade.code.tex
File: pgfcoreshade.code.tex 2008/11/23  (rcs-revision 1.13)
\pgf@max=\dimen157
\pgf@sys@shading@range@num=\count106
)
(C:\Users\Airblader\AppData\Roaming\MiKTeX\2.9\tex\generic\pgf\basiclayer\pgfcoreimage.code.tex
File: pgfcoreimage.code.tex 2010/03/25  (rcs-revision 1.16)

(C:\Users\Airblader\AppData\Roaming\MiKTeX\2.9\tex\generic\pgf\basiclayer\pgfcoreexternal.code.tex
File: pgfcoreexternal.code.tex 2010/09/01  (rcs-revision 1.17)
\pgfexternal@startupbox=\box33
))
(C:\Users\Airblader\AppData\Roaming\MiKTeX\2.9\tex\generic\pgf\basiclayer\pgfcorelayers.code.tex
File: pgfcorelayers.code.tex 2010/08/27  (rcs-revision 1.2)
)
(C:\Users\Airblader\AppData\Roaming\MiKTeX\2.9\tex\generic\pgf\basiclayer\pgfcoretransparency.code.tex
File: pgfcoretransparency.code.tex 2008/01/17  (rcs-revision 1.2)
)
(C:\Users\Airblader\AppData\Roaming\MiKTeX\2.9\tex\generic\pgf\basiclayer\pgfcorepatterns.code.tex
File: pgfcorepatterns.code.tex 2009/07/02  (rcs-revision 1.3)
)))
(C:\Users\Airblader\AppData\Roaming\MiKTeX\2.9\tex\generic\pgf\modules\pgfmoduleshapes.code.tex
File: pgfmoduleshapes.code.tex 2010/09/09  (rcs-revision 1.13)
\pgfnodeparttextbox=\box34
)
(C:\Users\Airblader\AppData\Roaming\MiKTeX\2.9\tex\generic\pgf\modules\pgfmoduleplot.code.tex
File: pgfmoduleplot.code.tex 2010/10/22  (rcs-revision 1.8)
)
(C:\Users\Airblader\AppData\Roaming\MiKTeX\2.9\tex\latex\pgf\compatibility\pgfcomp-version-0-65.sty
Package: pgfcomp-version-0-65 2007/07/03 v2.10 (rcs-revision 1.7)
\pgf@nodesepstart=\dimen158
\pgf@nodesepend=\dimen159
)
(C:\Users\Airblader\AppData\Roaming\MiKTeX\2.9\tex\latex\pgf\compatibility\pgfcomp-version-1-18.sty
Package: pgfcomp-version-1-18 2007/07/23 v2.10 (rcs-revision 1.1)
))
(C:\Users\Airblader\AppData\Roaming\MiKTeX\2.9\tex\latex\pgf\utilities\pgffor.sty
(C:\Users\Airblader\AppData\Roaming\MiKTeX\2.9\tex\latex\pgf\utilities\pgfkeys.sty
(C:\Users\Airblader\AppData\Roaming\MiKTeX\2.9\tex\generic\pgf\utilities\pgfkeys.code.tex))
(C:\Users\Airblader\AppData\Roaming\MiKTeX\2.9\tex\generic\pgf\utilities\pgffor.code.tex
Package: pgffor 2010/03/23 v2.10 (rcs-revision 1.18)
\pgffor@iter=\dimen160
\pgffor@skip=\dimen161
\pgffor@stack=\toks27
\pgffor@toks=\toks28
))
(C:\Users\Airblader\AppData\Roaming\MiKTeX\2.9\tex\generic\pgf\frontendlayer\tikz\tikz.code.tex
Package: tikz 2010/10/13 v2.10 (rcs-revision 1.76)

(C:\Users\Airblader\AppData\Roaming\MiKTeX\2.9\tex\generic\pgf\libraries\pgflibraryplothandlers.code.tex
File: pgflibraryplothandlers.code.tex 2010/05/31 v2.10 (rcs-revision 1.15)
\pgf@plot@mark@count=\count107
\pgfplotmarksize=\dimen162
)
\tikz@lastx=\dimen163
\tikz@lasty=\dimen164
\tikz@lastxsaved=\dimen165
\tikz@lastysaved=\dimen166
\tikzleveldistance=\dimen167
\tikzsiblingdistance=\dimen168
\tikz@figbox=\box35
\tikz@tempbox=\box36
\tikztreelevel=\count108
\tikznumberofchildren=\count109
\tikznumberofcurrentchild=\count110
\tikz@fig@count=\count111

(C:\Users\Airblader\AppData\Roaming\MiKTeX\2.9\tex\generic\pgf\modules\pgfmodulematrix.code.tex
File: pgfmodulematrix.code.tex 2010/08/24  (rcs-revision 1.4)
\pgfmatrixcurrentrow=\count112
\pgfmatrixcurrentcolumn=\count113
\pgf@matrix@numberofcolumns=\count114
)
\tikz@expandcount=\count115

(C:\Users\Airblader\AppData\Roaming\MiKTeX\2.9\tex\generic\pgf\frontendlayer\tikz\libraries\tikzlibrarytopaths.code.tex
File: tikzlibrarytopaths.code.tex 2008/06/17 v2.10 (rcs-revision 1.2)
)))
(C:\Users\Airblader\AppData\Roaming\MiKTeX\2.9\tex\generic\pgf\frontendlayer\tikz\libraries\tikzlibrarypositioning.code.
tex
File: tikzlibrarypositioning.code.tex 2008/10/06 v2.10 (rcs-revision 1.7)
)
(C:\Users\Airblader\AppData\Roaming\MiKTeX\2.9\tex\generic\pgf\frontendlayer\tikz\libraries\tikzlibraryarrows.code.tex
File: tikzlibraryarrows.code.tex 2008/01/09 v2.10 (rcs-revision 1.1)

(C:\Users\Airblader\AppData\Roaming\MiKTeX\2.9\tex\generic\pgf\libraries\pgflibraryarrows.code.tex
File: pgflibraryarrows.code.tex 2008/10/27 v2.10 (rcs-revision 1.9)
\arrowsize=\dimen169
))
(C:\Users\Airblader\AppData\Roaming\MiKTeX\2.9\tex\latex\enumitem\enumitem.sty
Package: enumitem 2011/09/28 v3.5.2 Customized lists
\labelindent=\skip48
\enit@outerparindent=\dimen170
\enit@toks=\toks29
\enit@inbox=\box37
\enitdp@description=\count116
)
(D:\Daten\Dokumente\Studium\StochastischeProzesse\StoProSkript\chapterthumb.sty
Package: chapterthumb 2005/03/10 v0.1 unsupported LaTeX package

(C:\Users\Airblader\AppData\Roaming\MiKTeX\2.9\tex\latex\koma-script\scrpage2.sty
Package: scrpage2 2010/04/22 v2.5 LaTeX2e KOMA-Script package
LaTeX Info: Redefining \pagemark on input line 176.
))
(C:\Users\Airblader\AppData\Roaming\MiKTeX\2.9\tex\latex\titlesec\titlesec.sty
Package: titlesec 2011/11/11 v2.9.2 Sectioning titles
\ttl@box=\box38
\beforetitleunit=\skip49
\aftertitleunit=\skip50
\ttl@plus=\dimen171
\ttl@minus=\dimen172
\ttl@toksa=\toks30
\titlewidth=\dimen173
\titlewidthlast=\dimen174
\titlewidthfirst=\dimen175
)
("D:\Programme\MiKTeX 2.9\tex\latex\hyperref\hyperref.sty"
Package: hyperref 2011/08/19 v6.82h Hypertext links for LaTeX

("D:\Programme\MiKTeX 2.9\tex\generic\oberdiek\hobsub-hyperref.sty"
Package: hobsub-hyperref 2011/04/23 v1.4 Bundle oberdiek, subset hyperref (HO)

("D:\Programme\MiKTeX 2.9\tex\generic\oberdiek\hobsub-generic.sty"
Package: hobsub-generic 2011/04/23 v1.4 Bundle oberdiek, subset generic (HO)
Package: hobsub 2011/04/23 v1.4 Subsetting bundle oberdiek (HO)
Package hobsub Info: Skipping package `infwarerr' (already loaded).
Package hobsub Info: Skipping package `ltxcmds' (already loaded).
Package: ifluatex 2010/03/01 v1.3 Provides the ifluatex switch (HO)
Package ifluatex Info: LuaTeX not detected.
Package: ifvtex 2010/03/01 v1.5 Switches for detecting VTeX and its modes (HO)
Package ifvtex Info: VTeX not detected.
Package: intcalc 2007/09/27 v1.1 Expandable integer calculations (HO)
Package: ifpdf 2011/01/30 v2.3 Provides the ifpdf switch (HO)
Package ifpdf Info: pdfTeX in PDF mode is detected.
Package: etexcmds 2011/02/16 v1.5 Prefix for e-TeX command names (HO)
Package etexcmds Info: Could not find \expanded.
(etexcmds)             That can mean that you are not using pdfTeX 1.50 or
(etexcmds)             that some package has redefined \expanded.
(etexcmds)             In the latter case, load this package earlier.
Package: kvsetkeys 2011/04/07 v1.13 Key value parser (HO)
Package: kvdefinekeys 2011/04/07 v1.3 Defining keys (HO)
Package: pdftexcmds 2011/04/22 v0.16 Utilities of pdfTeX for LuaTeX (HO)
Package pdftexcmds Info: LuaTeX not detected.
Package pdftexcmds Info: \pdf@primitive is available.
Package pdftexcmds Info: \pdf@ifprimitive is available.
Package pdftexcmds Info: \pdfdraftmode found.
Package: pdfescape 2011/04/04 v1.12 Provides string conversions (HO)
Package: bigintcalc 2011/01/30 v1.2 Expandable big integer calculations (HO)
Package: bitset 2011/01/30 v1.1 Data type bit set (HO)
Package: uniquecounter 2011/01/30 v1.2 Provides unlimited unique counter (HO)
)
Package hobsub Info: Skipping package `hobsub' (already loaded).
Package hobsub Info: Skipping package `letltxmacro' (already loaded).
Package: hopatch 2011/01/30 v1.0 Wrapper for package hooks (HO)
Package: xcolor-patch 2011/01/30 xcolor patch
Package: atveryend 2011/04/23 v1.7 Hooks at very end of document (HO)
Package: atbegshi 2011/01/30 v1.15 At begin shipout hook (HO)
Package: refcount 2010/12/01 v3.2 Data extraction from references (HO)
Package: hycolor 2011/01/30 v1.7 Color options of hyperref/bookmark (HO)
)
("D:\Programme\MiKTeX 2.9\tex\generic\ifxetex\ifxetex.sty"
Package: ifxetex 2010/09/12 v0.6 Provides ifxetex conditional
) ("D:\Programme\MiKTeX 2.9\tex\latex\oberdiek\kvoptions.sty"
Package: kvoptions 2010/12/23 v3.10 Keyval support for LaTeX options (HO)
)
\@linkdim=\dimen176
\Hy@linkcounter=\count117
\Hy@pagecounter=\count118
("D:\Programme\MiKTeX 2.9\tex\latex\hyperref\pd1enc.def"
File: pd1enc.def 2011/08/19 v6.82h Hyperref: PDFDocEncoding definition (HO)
)
\Hy@SavedSpaceFactor=\count119
 ("D:\Programme\MiKTeX 2.9\tex\latex\00miktex\hyperref.cfg"
File: hyperref.cfg 2002/06/06 v1.2 hyperref configuration of TeXLive
)
Package hyperref Info: Option `colorlinks' set `true' on input line 3932.
Package hyperref Info: Option `bookmarks' set `true' on input line 3932.
Package hyperref Info: Option `bookmarksopen' set `true' on input line 3932.
Package hyperref Info: Option `bookmarksnumbered' set `true' on input line 3932.
Package hyperref Info: Option `pdfdisplaydoctitle' set `true' on input line 3932.
Package hyperref Info: Hyper figures OFF on input line 4053.
Package hyperref Info: Link nesting OFF on input line 4058.
Package hyperref Info: Hyper index ON on input line 4061.
Package hyperref Info: Plain pages OFF on input line 4068.
Package hyperref Info: Backreferencing OFF on input line 4073.
Package hyperref Info: Implicit mode ON; LaTeX internals redefined.
Package hyperref Info: Bookmarks ON on input line 4291.
\c@Hy@tempcnt=\count120

("D:\Programme\MiKTeX 2.9\tex\latex\ltxmisc\url.sty"
\Urlmuskip=\muskip10
Package: url 2006/04/12  ver 3.3  Verb mode for urls, etc.
)
LaTeX Info: Redefining \url on input line 4644.
\Fld@menulength=\count121
\Field@Width=\dimen177
\Fld@charsize=\dimen178
Package hyperref Info: Hyper figures OFF on input line 5730.
Package hyperref Info: Link nesting OFF on input line 5735.
Package hyperref Info: Hyper index ON on input line 5738.
Package hyperref Info: backreferencing OFF on input line 5745.
Package hyperref Info: Link coloring ON on input line 5748.
Package hyperref Info: Link coloring with OCG OFF on input line 5755.
Package hyperref Info: PDF/A mode OFF on input line 5760.
LaTeX Info: Redefining \ref on input line 5800.
LaTeX Info: Redefining \pageref on input line 5804.
\Hy@abspage=\count122
\c@Item=\count123
\c@Hfootnote=\count124
)

Package hyperref Message: Driver (autodetected): hpdftex.

("D:\Programme\MiKTeX 2.9\tex\latex\hyperref\hpdftex.def"
File: hpdftex.def 2011/08/19 v6.82h Hyperref driver for pdfTeX
\Fld@listcount=\count125
\c@bookmark@seq@number=\count126
 ("D:\Programme\MiKTeX 2.9\tex\latex\oberdiek\rerunfilecheck.sty"
Package: rerunfilecheck 2011/04/15 v1.7 Rerun checks for auxiliary files (HO)
Package uniquecounter Info: New unique counter `rerunfilecheck' on input line 282.
)
\Hy@SectionHShift=\skip51
) ("D:\Programme\MiKTeX 2.9\tex\latex\amsfonts\amssymb.sty"
Package: amssymb 2009/06/22 v3.00
LaTeX Font Info:    Redeclaring math symbol \blacksquare on input line 43.
LaTeX Font Info:    Redeclaring math symbol \vDash on input line 55.
LaTeX Font Info:    Redeclaring math symbol \leftleftarrows on input line 58.
LaTeX Font Info:    Redeclaring math symbol \rightrightarrows on input line 59.
LaTeX Font Info:    Redeclaring math symbol \leqslant on input line 96.
LaTeX Font Info:    Redeclaring math symbol \geqslant on input line 103.
LaTeX Font Info:    Redeclaring math symbol \blacktriangleright on input line 115.
LaTeX Font Info:    Redeclaring math symbol \blacktriangleleft on input line 116.
LaTeX Font Info:    Redeclaring math symbol \complement on input line 160.
LaTeX Font Info:    Redeclaring math symbol \intercal on input line 161.
LaTeX Font Info:    Redeclaring math symbol \nleqslant on input line 176.
LaTeX Font Info:    Redeclaring math symbol \ngeqslant on input line 177.
LaTeX Font Info:    Redeclaring math symbol \varsubsetneq on input line 198.
LaTeX Font Info:    Redeclaring math symbol \subsetneqq on input line 202.
LaTeX Font Info:    Redeclaring math symbol \nparallel on input line 210.
LaTeX Font Info:    Redeclaring math symbol \nvDash on input line 216.
LaTeX Font Info:    Redeclaring math symbol \nexists on input line 230.
LaTeX Font Info:    Redeclaring math symbol \smallsetminus on input line 246.
LaTeX Font Info:    Redeclaring math symbol \curvearrowleft on input line 252.
LaTeX Font Info:    Redeclaring math symbol \curvearrowright on input line 253.
LaTeX Font Info:    Redeclaring math symbol \varkappa on input line 255.
LaTeX Font Info:    Redeclaring math symbol \hslash on input line 257.
) ("D:\Programme\MiKTeX 2.9\tex\latex\ams\math\amsmath.sty"
Package: amsmath 2000/07/18 v2.13 AMS math features
\@mathmargin=\skip52

For additional information on amsmath, use the `?' option.
("D:\Programme\MiKTeX 2.9\tex\latex\ams\math\amstext.sty"
Package: amstext 2000/06/29 v2.01
 ("D:\Programme\MiKTeX 2.9\tex\latex\ams\math\amsgen.sty"
File: amsgen.sty 1999/11/30 v2.0
\@emptytoks=\toks31
\ex@=\dimen179
))
("D:\Programme\MiKTeX 2.9\tex\latex\ams\math\amsbsy.sty"
Package: amsbsy 1999/11/29 v1.2d
\pmbraise@=\dimen180
) ("D:\Programme\MiKTeX 2.9\tex\latex\ams\math\amsopn.sty"
Package: amsopn 1999/12/14 v2.01 operator names
)
\inf@bad=\count127
LaTeX Info: Redefining \frac on input line 211.
\uproot@=\count128
\leftroot@=\count129
LaTeX Info: Redefining \overline on input line 307.
\classnum@=\count130
\DOTSCASE@=\count131
LaTeX Info: Redefining \ldots on input line 379.
LaTeX Info: Redefining \dots on input line 382.
LaTeX Info: Redefining \cdots on input line 467.
\Mathstrutbox@=\box39
\strutbox@=\box40
\big@size=\dimen181
LaTeX Font Info:    Redeclaring font encoding OML on input line 567.
LaTeX Font Info:    Redeclaring font encoding OMS on input line 568.
\macc@depth=\count132
\c@MaxMatrixCols=\count133
\dotsspace@=\muskip11
\c@parentequation=\count134
\dspbrk@lvl=\count135
\tag@help=\toks32
\row@=\count136
\column@=\count137
\maxfields@=\count138
\andhelp@=\toks33
\eqnshift@=\dimen182
\alignsep@=\dimen183
\tagshift@=\dimen184
\tagwidth@=\dimen185
\totwidth@=\dimen186
\lineht@=\dimen187
\@envbody=\toks34
\multlinegap=\skip53
\multlinetaggap=\skip54
\mathdisplay@stack=\toks35
LaTeX Info: Redefining \[ on input line 2666.
LaTeX Info: Redefining \] on input line 2667.
)
("D:\Programme\MiKTeX 2.9\tex\latex\ams\classes\amsthm.sty"
Package: amsthm 2004/08/06 v2.20
\thm@style=\toks36
\thm@bodyfont=\toks37
\thm@headfont=\toks38
\thm@notefont=\toks39
\thm@headpunct=\toks40
\thm@preskip=\skip55
\thm@postskip=\skip56
\thm@headsep=\skip57
\dth@everypar=\toks41
) ("D:\Programme\MiKTeX 2.9\tex\latex\base\latexsym.sty"
Package: latexsym 1998/08/17 v2.2e Standard LaTeX package (lasy symbols)
\symlasy=\mathgroup8
LaTeX Font Info:    Overwriting symbol font `lasy' in version `bold'
(Font)                  U/lasy/m/n --> U/lasy/b/n on input line 47.
)
(C:\Users\Airblader\AppData\Roaming\MiKTeX\2.9\tex\latex\stmaryrd\stmaryrd.sty
Package: stmaryrd 1994/03/03 St Mary's Road symbol package
\symstmry=\mathgroup9
LaTeX Font Info:    Overwriting symbol font `stmry' in version `bold'
(Font)                  U/stmry/m/n --> U/stmry/b/n on input line 89.
)
(C:\Users\Airblader\AppData\Roaming\MiKTeX\2.9\tex\latex\esint\esint.sty
Package: esint 
\symlargesymbolsA=\mathgroup10
)
(C:\Users\Airblader\AppData\Roaming\MiKTeX\2.9\tex\latex\mh\mathtools.sty
Package: mathtools 2011/04/06 v1.11 mathematical typesetting tools

("D:\Programme\MiKTeX 2.9\tex\latex\tools\calc.sty"
Package: calc 2007/08/22 v4.3 Infix arithmetic (KKT,FJ)
\calc@Acount=\count139
\calc@Bcount=\count140
\calc@Adimen=\dimen188
\calc@Bdimen=\dimen189
\calc@Askip=\skip58
\calc@Bskip=\skip59
LaTeX Info: Redefining \setlength on input line 76.
LaTeX Info: Redefining \addtolength on input line 77.
\calc@Ccount=\count141
\calc@Cskip=\skip60
)
(C:\Users\Airblader\AppData\Roaming\MiKTeX\2.9\tex\latex\mh\mhsetup.sty
Package: mhsetup 2010/01/21 v1.2a programming setup (MH)
)
\g_MT_multlinerow_int=\count142
\l_MT_multwidth_dim=\dimen190
\origjot=\skip61
\l_MT_shortvdotswithinadjustabove_dim=\dimen191
\l_MT_shortvdotswithinadjustbelow_dim=\dimen192
))
(D:\Daten\Dokumente\Studium\StochastischeProzesse\StoProSkript\inc/settings/abbreviations.tex)
(D:\Daten\Dokumente\Studium\StochastischeProzesse\StoProSkript\inc/settings/environments.tex
\internalindent=\skip62
\c@tmpsatz=\count143
\informationbox=\box41
\chapdescbox=\box42
)
(D:\Daten\Dokumente\Studium\StochastischeProzesse\StoProSkript\inc/settings/hyphenation.tex)
(D:\Daten\Dokumente\Studium\StochastischeProzesse\StoProSkript\StoProSkript.aux
(D:\Daten\Dokumente\Studium\StochastischeProzesse\StoProSkript\inc/titlepage.aux)
(D:\Daten\Dokumente\Studium\StochastischeProzesse\StoProSkript\inc/copyright.aux)
(D:\Daten\Dokumente\Studium\StochastischeProzesse\StoProSkript\inc/preface.aux)
(D:\Daten\Dokumente\Studium\StochastischeProzesse\StoProSkript\content/chapter1-1.aux)
(D:\Daten\Dokumente\Studium\StochastischeProzesse\StoProSkript\content/chapter1-2.aux)
(D:\Daten\Dokumente\Studium\StochastischeProzesse\StoProSkript\content/chapter1-3.aux)
(D:\Daten\Dokumente\Studium\StochastischeProzesse\StoProSkript\content/chapter1-4.aux)
(D:\Daten\Dokumente\Studium\StochastischeProzesse\StoProSkript\content/chapter1-5.aux)
(D:\Daten\Dokumente\Studium\StochastischeProzesse\StoProSkript\content/chapter2-1.aux)
(D:\Daten\Dokumente\Studium\StochastischeProzesse\StoProSkript\content/chapter2-2.aux)
(D:\Daten\Dokumente\Studium\StochastischeProzesse\StoProSkript\content/chapter2-3.aux)
(D:\Daten\Dokumente\Studium\StochastischeProzesse\StoProSkript\content/chapter2-4.aux)
(D:\Daten\Dokumente\Studium\StochastischeProzesse\StoProSkript\content/chapter2-5.aux)
(D:\Daten\Dokumente\Studium\StochastischeProzesse\StoProSkript\content/chapter2-6.aux)
(D:\Daten\Dokumente\Studium\StochastischeProzesse\StoProSkript\content/chapter2-7.aux)
(D:\Daten\Dokumente\Studium\StochastischeProzesse\StoProSkript\content/chapter2-8.aux)
(D:\Daten\Dokumente\Studium\StochastischeProzesse\StoProSkript\content/chapter2-9.aux)
(D:\Daten\Dokumente\Studium\StochastischeProzesse\StoProSkript\content/chapter3-1.aux)
(D:\Daten\Dokumente\Studium\StochastischeProzesse\StoProSkript\content/chapter3-2.aux)
(D:\Daten\Dokumente\Studium\StochastischeProzesse\StoProSkript\content/chapter3-3.aux)
(D:\Daten\Dokumente\Studium\StochastischeProzesse\StoProSkript\content/chapter3-4.aux)
(D:\Daten\Dokumente\Studium\StochastischeProzesse\StoProSkript\content/chapter3-5.aux)
(D:\Daten\Dokumente\Studium\StochastischeProzesse\StoProSkript\content/chapter3-6.aux)
(D:\Daten\Dokumente\Studium\StochastischeProzesse\StoProSkript\content/chapter4-1.aux)
(D:\Daten\Dokumente\Studium\StochastischeProzesse\StoProSkript\content/chapter4-2.aux)
(D:\Daten\Dokumente\Studium\StochastischeProzesse\StoProSkript\content/chapter4-3.aux)
(D:\Daten\Dokumente\Studium\StochastischeProzesse\StoProSkript\content/chapter4-4.aux)
(D:\Daten\Dokumente\Studium\StochastischeProzesse\StoProSkript\content/chapter5-1.aux)
(D:\Daten\Dokumente\Studium\StochastischeProzesse\StoProSkript\content/chapter5-2.aux)
(D:\Daten\Dokumente\Studium\StochastischeProzesse\StoProSkript\content/chapter5-3.aux)
(D:\Daten\Dokumente\Studium\StochastischeProzesse\StoProSkript\content/chapter5-4.aux)
(D:\Daten\Dokumente\Studium\StochastischeProzesse\StoProSkript\content/chapter5-5.aux)
(D:\Daten\Dokumente\Studium\StochastischeProzesse\StoProSkript\inc/appendix.aux))
LaTeX Font Info:    Checking defaults for OML/cmm/m/it on input line 22.
LaTeX Font Info:    ... okay on input line 22.
LaTeX Font Info:    Checking defaults for T1/cmr/m/n on input line 22.
LaTeX Font Info:    ... okay on input line 22.
LaTeX Font Info:    Checking defaults for OT1/cmr/m/n on input line 22.
LaTeX Font Info:    ... okay on input line 22.
LaTeX Font Info:    Checking defaults for OMS/cmsy/m/n on input line 22.
LaTeX Font Info:    ... okay on input line 22.
LaTeX Font Info:    Checking defaults for OMX/cmex/m/n on input line 22.
LaTeX Font Info:    ... okay on input line 22.
LaTeX Font Info:    Checking defaults for U/cmr/m/n on input line 22.
LaTeX Font Info:    ... okay on input line 22.
LaTeX Font Info:    Checking defaults for FML/fncmi/m/it on input line 22.
LaTeX Font Info:    Try loading font information for FML+fncmi on input line 22.

(C:\Users\Airblader\AppData\Roaming\MiKTeX\2.9\tex\latex\fouriernc\fmlfncmi.fd
File: fmlfncmi.fd 2005/12/20 Fontinst v1.928 font definitions for FML/fncmi.
)
LaTeX Font Info:    ... okay on input line 22.
LaTeX Font Info:    Checking defaults for FMS/fncm/m/n on input line 22.
LaTeX Font Info:    Try loading font information for FMS+fncm on input line 22.

(C:\Users\Airblader\AppData\Roaming\MiKTeX\2.9\tex\latex\fouriernc\fmsfncm.fd
File: fmsfncm.fd 2005/12/20 Fontinst v1.928 font definitions for FMS/fncm.
)
LaTeX Font Info:    ... okay on input line 22.
LaTeX Font Info:    Checking defaults for FMX/futm/m/n on input line 22.
LaTeX Font Info:    Try loading font information for FMX+futm on input line 22.

(C:\Users\Airblader\AppData\Roaming\MiKTeX\2.9\tex\latex\fourier\fmxfutm.fd
File: fmxfutm.fd futm-extension
)
LaTeX Font Info:    ... okay on input line 22.
LaTeX Font Info:    Checking defaults for TS1/cmr/m/n on input line 22.
LaTeX Font Info:    Try loading font information for TS1+cmr on input line 22.

("D:\Programme\MiKTeX 2.9\tex\latex\base\ts1cmr.fd"
File: ts1cmr.fd 1999/05/25 v2.5h Standard LaTeX font definitions
)
LaTeX Font Info:    ... okay on input line 22.
LaTeX Font Info:    Checking defaults for PD1/pdf/m/n on input line 22.
LaTeX Font Info:    ... okay on input line 22.
LaTeX Font Info:    Try loading font information for T1+fnc on input line 22.

(C:\Users\Airblader\AppData\Roaming\MiKTeX\2.9\tex\latex\fouriernc\t1fnc.fd
File: t1fnc.fd 2005/12/13 scaled font definitions for T1/fnc.
)
LaTeX Font Info:    Font shape `T1/fnc/m/n' will be
(Font)              scaled to size 11.15991pt on input line 22.
LaTeX Font Info:    Redeclaring math symbol \iintop on input line 22.
LaTeX Font Info:    Redeclaring math symbol \iiintop on input line 22.
LaTeX Font Info:    Redeclaring math symbol \oiintop on input line 22.
LaTeX Info: Redefining \microtypecontext on input line 22.
Package microtype Info: Generating PDF output.
Package microtype Info: Character protrusion enabled (level 2).
Package microtype Info: Using default protrusion set `alltext'.
Package microtype Info: Automatic font expansion enabled (level 2),
(microtype)             stretch: 20, shrink: 20, step: 1, non-selected.
Package microtype Info: Using default expansion set `basictext'.
Package microtype Info: No tracking.
Package microtype Info: No adjustment of interword spacing.
Package microtype Info: No adjustment of character kerning.

(C:\Users\Airblader\AppData\Roaming\MiKTeX\2.9\tex\context\base\supp-pdf.mkii
[Loading MPS to PDF converter (version 2006.09.02).]
\scratchcounter=\count144
\scratchdimen=\dimen193
\scratchbox=\box43
\nofMPsegments=\count145
\nofMParguments=\count146
\everyMPshowfont=\toks42
\MPscratchCnt=\count147
\MPscratchDim=\dimen194
\MPnumerator=\count148
\makeMPintoPDFobject=\count149
\everyMPtoPDFconversion=\toks43
) ABD: EveryShipout initializing macros
\AtBeginShipoutBox=\box44
Package hyperref Info: Link coloring ON on input line 22.
 ("D:\Programme\MiKTeX 2.9\tex\latex\hyperref\nameref.sty"
Package: nameref 2010/04/30 v2.40 Cross-referencing by name of section

("D:\Programme\MiKTeX 2.9\tex\generic\oberdiek\gettitlestring.sty"
Package: gettitlestring 2010/12/03 v1.4 Cleanup title references (HO)
)
\c@section@level=\count150
)
LaTeX Info: Redefining \ref on input line 22.
LaTeX Info: Redefining \pageref on input line 22.
LaTeX Info: Redefining \nameref on input line 22.

(D:\Daten\Dokumente\Studium\StochastischeProzesse\StoProSkript\StoProSkript.out)
(D:\Daten\Dokumente\Studium\StochastischeProzesse\StoProSkript\StoProSkript.out)
\@outlinefile=\write5

(D:\Daten\Dokumente\Studium\StochastischeProzesse\StoProSkript\inc/titlepage.tex
LaTeX Font Info:    Font shape `T1/fnc/m/n' will be
(Font)              scaled to size 13.39188pt on input line 3.
LaTeX Font Info:    Font shape `T1/fnc/m/n' will be
(Font)              scaled to size 32.54974pt on input line 5.
LaTeX Font Info:    Font shape `T1/fnc/bx/n' in size <35> not available
(Font)              Font shape `T1/fnc/b/n' tried instead on input line 5.
LaTeX Font Info:    Font shape `T1/fnc/b/n' will be
(Font)              scaled to size 32.54974pt on input line 5.
LaTeX Font Info:    Font shape `T1/fnc/m/n' will be
(Font)              scaled to size 9.29993pt on input line 7.
LaTeX Font Info:    Font shape `T1/fnc/m/it' will be
(Font)              scaled to size 9.29993pt on input line 7.
 [1




{C:/Users/Airblader/AppData/Local/MiKTeX/2.9/pdftex/config/pdftex.map}]) (D:\Daten\Dokumente\Studium\StochastischeProzes
se\StoProSkript\inc/copyright.tex
LaTeX Font Info:    Font shape `T1/fnc/m/n' will be
(Font)              scaled to size 8.36993pt on input line 19.
LaTeX Font Info:    Font shape `T1/fnc/m/n' will be
(Font)              scaled to size 6.50995pt on input line 19.
LaTeX Font Info:    Font shape `FMX/futm/m/n' will be
(Font)              scaled to size 11.03998pt on input line 19.
LaTeX Font Info:    Font shape `FMX/futm/m/n' will be
(Font)              scaled to size 8.27998pt on input line 19.
LaTeX Font Info:    Font shape `FMX/futm/m/n' will be
(Font)              scaled to size 6.43999pt on input line 19.
LaTeX Font Info:    Try loading font information for U+msa on input line 19.

("D:\Programme\MiKTeX 2.9\tex\latex\amsfonts\umsa.fd"
File: umsa.fd 2009/06/22 v3.00 AMS symbols A
)
(C:\Users\Airblader\AppData\Roaming\MiKTeX\2.9\tex\latex\microtype\mt-msa.cfg
File: mt-msa.cfg 2006/02/04 v1.1 microtype config. file: AMS symbols (a) (RS)
)
LaTeX Font Info:    Try loading font information for U+msb on input line 19.

("D:\Programme\MiKTeX 2.9\tex\latex\amsfonts\umsb.fd"
File: umsb.fd 2009/06/22 v3.00 AMS symbols B
)
(C:\Users\Airblader\AppData\Roaming\MiKTeX\2.9\tex\latex\microtype\mt-msb.cfg
File: mt-msb.cfg 2005/06/01 v1.0 microtype config. file: AMS symbols (b) (RS)
)
LaTeX Font Info:    Try loading font information for FML+fncm on input line 19.

(C:\Users\Airblader\AppData\Roaming\MiKTeX\2.9\tex\latex\fouriernc\fmlfncm.fd
File: fmlfncm.fd 2005/12/20 Fontinst v1.928 font definitions for FML/fncm.
)
LaTeX Font Info:    Font shape `U/futm/m/n' will be
(Font)              scaled to size 11.03998pt on input line 19.
LaTeX Font Info:    Font shape `U/futm/m/n' will be
(Font)              scaled to size 8.27998pt on input line 19.
LaTeX Font Info:    Font shape `U/futm/m/n' will be
(Font)              scaled to size 6.43999pt on input line 19.
LaTeX Font Info:    Try loading font information for U+lasy on input line 19.

("D:\Programme\MiKTeX 2.9\tex\latex\base\ulasy.fd"
File: ulasy.fd 1998/08/17 v2.2e LaTeX symbol font definitions
)
LaTeX Font Info:    Try loading font information for U+stmry on input line 19.

(C:\Users\Airblader\AppData\Roaming\MiKTeX\2.9\tex\latex\stmaryrd\ustmry.fd)
LaTeX Font Info:    Try loading font information for U+esint on input line 19.

(C:\Users\Airblader\AppData\Roaming\MiKTeX\2.9\tex\latex\esint\uesint.fd
File: uesint.fd 
)) [2


]
LaTeX Font Info:    Try loading font information for T1+phv on input line 30.

("D:\Programme\MiKTeX 2.9\tex\latex\psnfss\t1phv.fd"
File: t1phv.fd 2001/06/04 scalable font definitions for T1/phv.
)
LaTeX Font Info:    Font shape `T1/phv/bx/n' in size <24.88> not available
(Font)              Font shape `T1/phv/b/n' tried instead on input line 30.
LaTeX Font Info:    Font shape `T1/phv/bx/n' in size <70> not available
(Font)              Font shape `T1/phv/b/n' tried instead on input line 30.
Package tocbasic Info: character protrusion at toc deactivated on input line 30.

(D:\Daten\Dokumente\Studium\StochastischeProzesse\StoProSkript\StoProSkript.toc
LaTeX Font Info:    Font shape `T1/fnc/bx/n' in size <12> not available
(Font)              Font shape `T1/fnc/b/n' tried instead on input line 2.
LaTeX Font Info:    Font shape `T1/fnc/b/n' will be
(Font)              scaled to size 11.15991pt on input line 2.

Overfull \hbox (1.3166pt too wide) detected at line 29
 []\T1/fnc/m/n/12 101
 []


Overfull \hbox (1.3166pt too wide) detected at line 30
 []\T1/fnc/m/n/12 106
 []


Overfull \hbox (1.3166pt too wide) detected at line 32
 []\T1/fnc/m/n/12 109
 []


Overfull \hbox (1.3166pt too wide) detected at line 33
 []\T1/fnc/m/n/12 114
 []


Overfull \hbox (1.3166pt too wide) detected at line 34
 []\T1/fnc/m/n/12 122
 []


Overfull \hbox (1.3166pt too wide) detected at line 35
 []\T1/fnc/m/n/12 126
 []

LaTeX Font Info:    Font shape `T1/fnc/m/it' will be
(Font)              scaled to size 11.15991pt on input line 36.
[3



]
Overfull \hbox (1.3166pt too wide) detected at line 36
 []\T1/fnc/m/n/12 129
 []

)
\tf@toc=\write6
 [4] (D:\Daten\Dokumente\Studium\StochastischeProzesse\StoProSkript\inc/preface.tex
LaTeX Font Info:    Font shape `T1/fnc/m/n' will be
(Font)              scaled to size 46.49963pt on input line 6.
LaTeX Font Info:    Font shape `T1/fnc/m/n' will be
(Font)              scaled to size 23.13821pt on input line 7.
) [5



]
(D:\Daten\Dokumente\Studium\StochastischeProzesse\StoProSkript\content/chapter1-1.tex [6




]
Kapitel 1.
LaTeX Font Info:    Font shape `T1/phv/bx/n' in size <12> not available
(Font)              Font shape `T1/phv/b/n' tried instead on input line 7.
LaTeX Font Info:    Font shape `T1/fnc/m/n' will be
(Font)              scaled to size 16.07027pt on input line 7.
LaTeX Font Info:    Font shape `T1/fnc/bx/n' in size <17.28> not available
(Font)              Font shape `T1/fnc/b/n' tried instead on input line 7.
LaTeX Font Info:    Font shape `T1/fnc/b/n' will be
(Font)              scaled to size 16.07027pt on input line 7.
LaTeX Font Info:    Try loading font information for TS1+fnc on input line 20.
(C:\Users\Airblader\AppData\Roaming\MiKTeX\2.9\tex\latex\fouriernc\ts1fnc.fd
File: ts1fnc.fd 2005/12/13 font definitions for TS1/fnc.
)
LaTeX Font Info:    Font shape `TS1/fnc/m/n' will be
(Font)              scaled to size 11.15991pt on input line 20.
 [7]
LaTeX Font Info:    Font shape `FMX/futm/m/n' will be
(Font)              scaled to size 22.88956pt on input line 55.
LaTeX Font Info:    Font shape `FMX/futm/m/n' will be
(Font)              scaled to size 15.89755pt on input line 55.
LaTeX Font Info:    Font shape `U/futm/m/n' will be
(Font)              scaled to size 22.88956pt on input line 55.
LaTeX Font Info:    Font shape `U/futm/m/n' will be
(Font)              scaled to size 15.89755pt on input line 55.
LaTeX Font Info:    Font shape `T1/fnc/m/n' will be
(Font)              scaled to size 19.28804pt on input line 55.
LaTeX Font Info:    Font shape `FMX/futm/m/n' will be
(Font)              scaled to size 19.08076pt on input line 55.
LaTeX Font Info:    Font shape `FMX/futm/m/n' will be
(Font)              scaled to size 13.24796pt on input line 55.
LaTeX Font Info:    Font shape `FMX/futm/m/n' will be
(Font)              scaled to size 9.19998pt on input line 55.
LaTeX Font Info:    Font shape `U/futm/m/n' will be
(Font)              scaled to size 19.08076pt on input line 55.
LaTeX Font Info:    Font shape `U/futm/m/n' will be
(Font)              scaled to size 13.24796pt on input line 55.
LaTeX Font Info:    Font shape `U/futm/m/n' will be
(Font)              scaled to size 9.19998pt on input line 55.
LaTeX Font Info:    Font shape `T1/fnc/m/n' will be
(Font)              scaled to size 7.06795pt on input line 55.
LaTeX Font Info:    Font shape `T1/fnc/m/n' will be
(Font)              scaled to size 5.57996pt on input line 55.
LaTeX Font Info:    Font shape `FMX/futm/m/n' will be
(Font)              scaled to size 6.99199pt on input line 55.
LaTeX Font Info:    Font shape `FMX/futm/m/n' will be
(Font)              scaled to size 5.51999pt on input line 55.
LaTeX Font Info:    Font shape `U/futm/m/n' will be
(Font)              scaled to size 6.99199pt on input line 55.
LaTeX Font Info:    Font shape `U/futm/m/n' will be
(Font)              scaled to size 5.51999pt on input line 55.
 [8]) [9]
(D:\Daten\Dokumente\Studium\StochastischeProzesse\StoProSkript\content/chapter1-2.tex [10


] [11]) [12]
(D:\Daten\Dokumente\Studium\StochastischeProzesse\StoProSkript\content/chapter1-3.tex [13


]
LaTeX Font Info:    Font shape `T1/fnc/m/n' will be
(Font)              scaled to size 10.18341pt on input line 59.
LaTeX Font Info:    Font shape `T1/fnc/m/n' will be
(Font)              scaled to size 7.71893pt on input line 60.
LaTeX Font Info:    Font shape `FMX/futm/m/n' will be
(Font)              scaled to size 10.07397pt on input line 60.
LaTeX Font Info:    Font shape `FMX/futm/m/n' will be
(Font)              scaled to size 7.63599pt on input line 60.
LaTeX Font Info:    Font shape `U/futm/m/n' will be
(Font)              scaled to size 10.07397pt on input line 60.
LaTeX Font Info:    Font shape `U/futm/m/n' will be
(Font)              scaled to size 7.63599pt on input line 60.
LaTeX Font Info:    Font shape `T1/fnc/bx/n' in size <14.4> not available
(Font)              Font shape `T1/fnc/b/n' tried instead on input line 61.
LaTeX Font Info:    Font shape `T1/fnc/b/n' will be
(Font)              scaled to size 13.39188pt on input line 61.
 [14]) [15]
(D:\Daten\Dokumente\Studium\StochastischeProzesse\StoProSkript\content/chapter1-4.tex [16


]) [17]
(D:\Daten\Dokumente\Studium\StochastischeProzesse\StoProSkript\content/chapter1-5.tex [18


] [19] [20] [21] [22] [23]
[24] [25] [26]) [27] (D:\Daten\Dokumente\Studium\StochastischeProzesse\StoProSkript\content/chapter2-1.tex [28




]
Kapitel 2.
[29] [30] [31]) [32] (D:\Daten\Dokumente\Studium\StochastischeProzesse\StoProSkript\content/chapter2-2.tex [33


] [34]
[35] [36]) [37] (D:\Daten\Dokumente\Studium\StochastischeProzesse\StoProSkript\content/chapter2-3.tex [38


] [39])
[40] (D:\Daten\Dokumente\Studium\StochastischeProzesse\StoProSkript\content/chapter2-4.tex [41


] [42]) [43]
(D:\Daten\Dokumente\Studium\StochastischeProzesse\StoProSkript\content/chapter2-5.tex [44


] [45]) [46]
(D:\Daten\Dokumente\Studium\StochastischeProzesse\StoProSkript\content/chapter2-6.tex [47


] [48] [49] [50]) [51]
(D:\Daten\Dokumente\Studium\StochastischeProzesse\StoProSkript\content/chapter2-7.tex [52


] [53] [54]) [55]
(D:\Daten\Dokumente\Studium\StochastischeProzesse\StoProSkript\content/chapter2-8.tex [56


]) [57]
(D:\Daten\Dokumente\Studium\StochastischeProzesse\StoProSkript\content/chapter2-9.tex [58


] [59]) [60]
(D:\Daten\Dokumente\Studium\StochastischeProzesse\StoProSkript\content/chapter3-1.tex
Kapitel 3.
[61




] [62] [63]) [64] (D:\Daten\Dokumente\Studium\StochastischeProzesse\StoProSkript\content/chapter3-2.tex
LaTeX Font Info:    Try loading font information for U+dsrom on input line 6.

(C:\Users\Airblader\AppData\Roaming\MiKTeX\2.9\tex\latex\dstroke\udsrom.fd
File: Udsrom.fd 1995/08/01 v0.1 Double stroke roman font definitions
) [65


] [66]) [67]
(D:\Daten\Dokumente\Studium\StochastischeProzesse\StoProSkript\content/chapter3-3.tex [68


] [69]) [70]
(D:\Daten\Dokumente\Studium\StochastischeProzesse\StoProSkript\content/chapter3-4.tex [71


] [72] [73] [74] [75] [76]
LaTeX Font Info:    Font shape `T1/fnc/bx/it' in size <12> not available
(Font)              Font shape `T1/fnc/b/it' tried instead on input line 256.
LaTeX Font Info:    Font shape `T1/fnc/b/it' will be
(Font)              scaled to size 11.15991pt on input line 256.
LaTeX Font Info:    Font shape `T1/fnc/m/it' will be
(Font)              scaled to size 8.36993pt on input line 256.
LaTeX Font Info:    Font shape `T1/fnc/m/it' will be
(Font)              scaled to size 6.50995pt on input line 256.

[77] [78]) [79] (D:\Daten\Dokumente\Studium\StochastischeProzesse\StoProSkript\content/chapter3-5.tex [80


] [81] [82]
[83]) [84] (D:\Daten\Dokumente\Studium\StochastischeProzesse\StoProSkript\content/chapter3-6.tex [85


] [86] [87] [88])
[89] (D:\Daten\Dokumente\Studium\StochastischeProzesse\StoProSkript\content/chapter4-1.tex [90




]
Kapitel 4.
[91] [92] [93] [94]) [95] (D:\Daten\Dokumente\Studium\StochastischeProzesse\StoProSkript\content/chapter4-2.tex [96


]
[97] [98] [99]) [100] (D:\Daten\Dokumente\Studium\StochastischeProzesse\StoProSkript\content/chapter4-3.tex [101


]
[102] [103] [104]) [105] (D:\Daten\Dokumente\Studium\StochastischeProzesse\StoProSkript\content/chapter4-4.tex [106


]
[107]) [108] (D:\Daten\Dokumente\Studium\StochastischeProzesse\StoProSkript\content/chapter5-1.tex
Kapitel 5.
[109




] [110] [111] [112]) [113] (D:\Daten\Dokumente\Studium\StochastischeProzesse\StoProSkript\content/chapter5-2.tex
[114


] [115] [116] [117] [118] [119] [120]) [121]
(D:\Daten\Dokumente\Studium\StochastischeProzesse\StoProSkript\content/chapter5-3.tex [122


] [123] [124]) [125]
(D:\Daten\Dokumente\Studium\StochastischeProzesse\StoProSkript\content/chapter5-4.tex [126


] [127]) [128]
(D:\Daten\Dokumente\Studium\StochastischeProzesse\StoProSkript\content/chapter5-5.tex [129


] [130]) [131] [132



] [133




]
[134


]
Package tocbasic Info: character protrusion at lof deactivated on input line 98.
 (D:\Daten\Dokumente\Studium\StochastischeProzesse\StoProSkript\StoProSkript.lof
Overfull \hbox (1.3166pt too wide) detected at line 16
 []\T1/fnc/m/n/12 126
 []

)
\tf@lof=\write7
 [135


] [136


] (D:\Daten\Dokumente\Studium\StochastischeProzesse\StoProSkript\inc/appendix.tex
Anhang A.
[137



]) [138] (D:\Daten\Dokumente\Studium\StochastischeProzesse\StoProSkript\StoProSkript.ind [139








] [140])
Package atveryend Info: Empty hook `BeforeClearDocument' on input line 99.
Package atveryend Info: Empty hook `AfterLastShipout' on input line 99.

(D:\Daten\Dokumente\Studium\StochastischeProzesse\StoProSkript\StoProSkript.aux
(D:\Daten\Dokumente\Studium\StochastischeProzesse\StoProSkript\inc/titlepage.aux)
(D:\Daten\Dokumente\Studium\StochastischeProzesse\StoProSkript\inc/copyright.aux)
(D:\Daten\Dokumente\Studium\StochastischeProzesse\StoProSkript\inc/preface.aux)
(D:\Daten\Dokumente\Studium\StochastischeProzesse\StoProSkript\content/chapter1-1.aux)
(D:\Daten\Dokumente\Studium\StochastischeProzesse\StoProSkript\content/chapter1-2.aux)
(D:\Daten\Dokumente\Studium\StochastischeProzesse\StoProSkript\content/chapter1-3.aux)
(D:\Daten\Dokumente\Studium\StochastischeProzesse\StoProSkript\content/chapter1-4.aux)
(D:\Daten\Dokumente\Studium\StochastischeProzesse\StoProSkript\content/chapter1-5.aux)
(D:\Daten\Dokumente\Studium\StochastischeProzesse\StoProSkript\content/chapter2-1.aux)
(D:\Daten\Dokumente\Studium\StochastischeProzesse\StoProSkript\content/chapter2-2.aux)
(D:\Daten\Dokumente\Studium\StochastischeProzesse\StoProSkript\content/chapter2-3.aux)
(D:\Daten\Dokumente\Studium\StochastischeProzesse\StoProSkript\content/chapter2-4.aux)
(D:\Daten\Dokumente\Studium\StochastischeProzesse\StoProSkript\content/chapter2-5.aux)
(D:\Daten\Dokumente\Studium\StochastischeProzesse\StoProSkript\content/chapter2-6.aux)
(D:\Daten\Dokumente\Studium\StochastischeProzesse\StoProSkript\content/chapter2-7.aux)
(D:\Daten\Dokumente\Studium\StochastischeProzesse\StoProSkript\content/chapter2-8.aux)
(D:\Daten\Dokumente\Studium\StochastischeProzesse\StoProSkript\content/chapter2-9.aux)
(D:\Daten\Dokumente\Studium\StochastischeProzesse\StoProSkript\content/chapter3-1.aux)
(D:\Daten\Dokumente\Studium\StochastischeProzesse\StoProSkript\content/chapter3-2.aux)
(D:\Daten\Dokumente\Studium\StochastischeProzesse\StoProSkript\content/chapter3-3.aux)
(D:\Daten\Dokumente\Studium\StochastischeProzesse\StoProSkript\content/chapter3-4.aux)
(D:\Daten\Dokumente\Studium\StochastischeProzesse\StoProSkript\content/chapter3-5.aux)
(D:\Daten\Dokumente\Studium\StochastischeProzesse\StoProSkript\content/chapter3-6.aux)
(D:\Daten\Dokumente\Studium\StochastischeProzesse\StoProSkript\content/chapter4-1.aux)
(D:\Daten\Dokumente\Studium\StochastischeProzesse\StoProSkript\content/chapter4-2.aux)
(D:\Daten\Dokumente\Studium\StochastischeProzesse\StoProSkript\content/chapter4-3.aux)
(D:\Daten\Dokumente\Studium\StochastischeProzesse\StoProSkript\content/chapter4-4.aux)
(D:\Daten\Dokumente\Studium\StochastischeProzesse\StoProSkript\content/chapter5-1.aux)
(D:\Daten\Dokumente\Studium\StochastischeProzesse\StoProSkript\content/chapter5-2.aux)
(D:\Daten\Dokumente\Studium\StochastischeProzesse\StoProSkript\content/chapter5-3.aux)
(D:\Daten\Dokumente\Studium\StochastischeProzesse\StoProSkript\content/chapter5-4.aux)
(D:\Daten\Dokumente\Studium\StochastischeProzesse\StoProSkript\content/chapter5-5.aux)
(D:\Daten\Dokumente\Studium\StochastischeProzesse\StoProSkript\inc/appendix.aux))
Package atveryend Info: Executing hook `AtVeryEndDocument' on input line 99.
Package atveryend Info: Executing hook `AtEndAfterFileList' on input line 99.
Package rerunfilecheck Info: File `StoProSkript.out' has not changed.
(rerunfilecheck)             Checksum: BED7B471A7338F60DF612E03AF0354E1;2717.
 ) 
Here is how much of TeX's memory you used:
 22895 strings out of 494045
 410559 string characters out of 3149986
 524589 words of memory out of 3000000
 24626 multiletter control sequences out of 15000+200000
 128229 words of font info for 366 fonts, out of 3000000 for 9000
 715 hyphenation exceptions out of 8191
 68i,19n,71p,1381b,855s stack positions out of 5000i,500n,10000p,200000b,50000s
{D:/Programme/MiKTeX 2.9/fonts/enc/dvips/fontname/8r.enc}<C:/Users/Airblader/AppData/Roaming/MiKTeX/2.9/fonts/type1/pu
blic/dstroke/dsrom12.pfb><C:/Users/Airblader/AppData/Roaming/MiKTeX/2.9/fonts/type1/public/esint/esint10.pfb><C:/Users/A
irblader/AppData/Roaming/MiKTeX/2.9/fonts/type1/public/fourier/fourier-mcl.pfb><C:/Users/Airblader/AppData/Roaming/MiKTe
X/2.9/fonts/type1/public/fourier/fourier-mex.pfb><C:/Users/Airblader/AppData/Roaming/MiKTeX/2.9/fonts/type1/public/fouri
er/fourier-ml.pfb><C:/Users/Airblader/AppData/Roaming/MiKTeX/2.9/fonts/type1/public/fourier/fourier-mlit.pfb><C:/Users/A
irblader/AppData/Roaming/MiKTeX/2.9/fonts/type1/public/fourier/fourier-ms.pfb><C:/Users/Airblader/AppData/Roaming/MiKTeX
/2.9/fonts/type1/public/hoekwater/stmary10.pfb><D:/Programme/MiKTeX 2.9/fonts/type1/urw/helvetic/uhvb8a.pfb><D:/Programm
e/MiKTeX 2.9/fonts/type1/urw/ncntrsbk/uncb8a.pfb><D:/Programme/MiKTeX 2.9/fonts/type1/urw/ncntrsbk/uncbi8a.pfb><D:/Progr
amme/MiKTeX 2.9/fonts/type1/urw/ncntrsbk/uncr8a.pfb><D:/Programme/MiKTeX 2.9/fonts/type1/urw/ncntrsbk/uncri8a.pfb>
Output written on StoProSkript.pdf (140 pages, 803782 bytes).
PDF statistics:
 2116 PDF objects out of 2487 (max. 8388607)
 592 named destinations out of 1000 (max. 500000)
 40765 words of extra memory for PDF output out of 42996 (max. 10000000)

