\BOOKMARK [0][]{chapter*.1}{Vorwort}{}% 1
\BOOKMARK [0][]{chapter.1}{1 \334bersicht und Einf\374hrung}{}% 2
\BOOKMARK [1][]{section.1.1}{1.1 Stochastische Prozesse}{chapter.1}% 3
\BOOKMARK [1][]{section.1.2}{1.2 Einfache Eigenschaften}{chapter.1}% 4
\BOOKMARK [1][]{section.1.3}{1.3 Endlichdimensionale Randverteilungen}{chapter.1}% 5
\BOOKMARK [1][]{section.1.4}{1.4 Einfache Beispiele}{chapter.1}% 6
\BOOKMARK [1][]{section.1.5}{1.5 Bedingte Erwartungen}{chapter.1}% 7
\BOOKMARK [0][]{chapter.2}{2 Zeitdiskrete Martingale}{}% 8
\BOOKMARK [1][]{section.2.1}{2.1 Definition und einfache Beispiele}{chapter.2}% 9
\BOOKMARK [1][]{section.2.2}{2.2 Grundlegende Eigenschaften}{chapter.2}% 10
\BOOKMARK [1][]{section.2.3}{2.3 Stoppzeiten}{chapter.2}% 11
\BOOKMARK [1][]{section.2.4}{2.4 Optional Stopping Theorem}{chapter.2}% 12
\BOOKMARK [1][]{section.2.5}{2.5 Konvergenzs\344tze f\374r Martingale I}{chapter.2}% 13
\BOOKMARK [1][]{section.2.6}{2.6 Gleichgradige Integrierbarkeit}{chapter.2}% 14
\BOOKMARK [1][]{section.2.7}{2.7 Konvergenzs\344tze f\374r Martingale II}{chapter.2}% 15
\BOOKMARK [1][]{section.2.8}{2.8 Optional Sampling}{chapter.2}% 16
\BOOKMARK [1][]{section.2.9}{2.9 Anwendungen}{chapter.2}% 17
\BOOKMARK [0][]{chapter.3}{3 Markovketten}{}% 18
\BOOKMARK [1][]{section.3.1}{3.1 Definitionen, Beispiele und einfache Eigenschaften}{chapter.3}% 19
\BOOKMARK [1][]{section.3.2}{3.2 Homogene Markovketten}{chapter.3}% 20
\BOOKMARK [1][]{section.3.3}{3.3 Die starke Markoveigenschaft}{chapter.3}% 21
\BOOKMARK [1][]{section.3.4}{3.4 Klassifikation von Zust\344nden}{chapter.3}% 22
\BOOKMARK [1][]{section.3.5}{3.5 Stationarit\344t}{chapter.3}% 23
\BOOKMARK [1][]{section.3.6}{3.6 Grenzverhalten}{chapter.3}% 24
\BOOKMARK [0][]{chapter.4}{4 Poissonprozesse}{}% 25
\BOOKMARK [1][]{section.4.1}{4.1 Definition und Eigenschaften}{chapter.4}% 26
\BOOKMARK [1][]{section.4.2}{4.2 \304quivalente Beschreibung}{chapter.4}% 27
\BOOKMARK [1][]{section.4.3}{4.3 Weitere Eigenschaften}{chapter.4}% 28
\BOOKMARK [1][]{section.4.4}{4.4 Inhomogene Poissonprozesse}{chapter.4}% 29
\BOOKMARK [0][]{chapter.5}{5 Wiener-Prozess}{}% 30
\BOOKMARK [1][]{section.5.1}{5.1 Definition und einfache Eigenschaften}{chapter.5}% 31
\BOOKMARK [1][]{section.5.2}{5.2 Existenz des Wiener-Prozesses}{chapter.5}% 32
\BOOKMARK [1][]{section.5.3}{5.3 Die starke Markoveigenschaft}{chapter.5}% 33
\BOOKMARK [1][]{section.5.4}{5.4 Das Reflektionsprinzip}{chapter.5}% 34
\BOOKMARK [1][]{section.5.5}{5.5 Der Wiener-Prozess als Martingal}{chapter.5}% 35
\BOOKMARK [0][]{section*.3}{Abbildungsverzeichnis}{}% 36
\BOOKMARK [0][]{appendix.A}{A Anhang}{}% 37
\BOOKMARK [0][]{appendix*.5}{Stichwortverzeichnis}{}% 38
